2026-05-09 16:48:47.316  [SİSTEM]  Oturum başladı — 2026-05-09 16:48:47
2026-05-09 16:48:52.574  [SİSTEM]  Nokta #0 eklendi  (431, 170)
2026-05-09 16:48:56.077  [KAYIP]   Nokta #0 kaybedildi
2026-05-09 16:48:56.078  [REDET]   Nokta #0 bulundu  [Histogram+MeanShift]  (450, 177)
2026-05-09 16:48:56.316  [SÜRÜK]   Nokta #0 sürükleniyor  dK=5.9  eA=0.0px
2026-05-09 16:48:56.351  [KAYIP]   Nokta #0 kaybedildi
2026-05-09 16:48:56.352  [REDET]   Nokta #0 bulundu  [Histogram+MeanShift]  (485, 177)
2026-05-09 16:48:56.383  [SÜRÜK]   Nokta #0 sürükleniyor  dK=13.4  eA=2.4px
2026-05-09 16:48:56.414  [KAYIP]   Nokta #0 kaybedildi
2026-05-09 16:48:56.415  [REDET]   Nokta #0 bulundu  [Histogram+MeanShift]  (494, 176)
2026-05-09 16:48:56.446  [SÜRÜK]   Nokta #0 sürükleniyor  dK=8.6  eA=4.0px
2026-05-09 16:48:56.480  [KAYIP]   Nokta #0 kaybedildi
2026-05-09 16:48:56.481  [REDET]   Nokta #0 bulundu  [Histogram+MeanShift]  (498, 176)
2026-05-09 16:48:56.512  [SÜRÜK]   Nokta #0 sürükleniyor  dK=2.0  eA=4.2px
2026-05-09 16:49:02.911  [KAYIP]   Nokta #0 kaybedildi
2026-05-09 16:49:02.912  [REDET]   Nokta #0 bulundu  [Histogram+MeanShift]  (466, 182)
2026-05-09 16:49:02.942  [SÜRÜK]   Nokta #0 sürükleniyor  dK=9.2  eA=4.8px
2026-05-09 16:49:02.975  [KAYIP]   Nokta #0 kaybedildi
2026-05-09 16:49:02.976  [REDET]   Nokta #0 bulundu  [Histogram+MeanShift]  (458, 182)
2026-05-09 16:49:03.022  [SÜRÜK]   Nokta #0 sürükleniyor  dK=10.0  eA=4.8px
2026-05-09 16:49:03.054  [KAYIP]   Nokta #0 kaybedildi
2026-05-09 16:49:03.055  [REDET]   Nokta #0 bulundu  [Histogram+MeanShift]  (450, 182)
2026-05-09 16:49:03.085  [SÜRÜK]   Nokta #0 sürükleniyor  dK=8.5  eA=5.3px
2026-05-09 16:49:03.118  [KAYIP]   Nokta #0 kaybedildi
2026-05-09 16:49:03.119  [REDET]   Nokta #0 bulundu  [Histogram+MeanShift]  (444, 181)
2026-05-09 16:49:03.150  [SÜRÜK]   Nokta #0 sürükleniyor  dK=6.9  eA=6.3px
2026-05-09 16:49:03.182  [KAYIP]   Nokta #0 kaybedildi
2026-05-09 16:49:03.182  [REDET]   Nokta #0 bulundu  [Histogram+MeanShift]  (438, 181)
2026-05-09 16:49:03.214  [SÜRÜK]   Nokta #0 sürükleniyor  dK=6.6  eA=7.1px
2026-05-09 16:49:03.246  [KAYIP]   Nokta #0 kaybedildi
2026-05-09 16:49:03.246  [REDET]   Nokta #0 bulundu  [Histogram+MeanShift]  (433, 181)
2026-05-09 16:49:03.277  [SÜRÜK]   Nokta #0 sürükleniyor  dK=3.2  eA=7.7px
2026-05-09 16:49:03.310  [KAYIP]   Nokta #0 kaybedildi
2026-05-09 16:49:03.310  [REDET]   Nokta #0 bulundu  [Histogram+MeanShift]  (431, 181)
2026-05-09 16:49:03.678  [SÜRÜK]   Nokta #0 sürükleniyor  dK=2.9  eA=7.9px
2026-05-09 16:49:03.710  [KAYIP]   Nokta #0 kaybedildi
2026-05-09 16:49:03.710  [REDET]   Nokta #0 bulundu  [Histogram+MeanShift]  (413, 183)
2026-05-09 16:49:08.014  [SÜRÜK]   Nokta #0 sürükleniyor  dK=1.0  eA=9.2px
2026-05-09 16:49:08.045  [KAYIP]   Nokta #0 kaybedildi
2026-05-09 16:49:08.048  [REDET]   Nokta #0 bulundu  [NCC Şablon Eşleme]  (476, 195)
2026-05-09 16:49:08.283  [KAYIP]   Nokta #0 kaybedildi
2026-05-09 16:49:08.284  [REDET]   Nokta #0 bulundu  [NCC Şablon Eşleme]  (498, 189)
2026-05-09 16:49:13.085  [SÜRÜK]   Nokta #0 sürükleniyor  dK=1.1  eA=9.5px
2026-05-09 16:49:13.118  [KAYIP]   Nokta #0 kaybedildi
2026-05-09 16:49:13.119  [REDET]   Nokta #0 aranıyor...
2026-05-09 16:49:29.886  [SİSTEM]  Nokta #1 eklendi  (311, 182)
2026-05-09 16:49:29.918  [REDET]   Nokta #0 aranıyor...
2026-05-09 16:49:29.950  [REDET]   Nokta #0 aranıyor...
2026-05-09 16:49:29.980  [REDET]   Nokta #0 aranıyor...
2026-05-09 16:49:30.015  [REDET]   Nokta #0 aranıyor...
2026-05-09 16:49:30.045  [REDET]   Nokta #0 aranıyor...
2026-05-09 16:49:30.062  [REDET]   Nokta #0 aranıyor...
2026-05-09 16:49:30.125  [REDET]   Nokta #0 aranıyor...
2026-05-09 16:49:30.157  [REDET]   Nokta #0 aranıyor...
2026-05-09 16:49:30.188  [REDET]   Nokta #0 aranıyor...
2026-05-09 16:49:30.221  [REDET]   Nokta #0 aranıyor...
2026-05-09 16:49:30.253  [REDET]   Nokta #0 aranıyor...
2026-05-09 16:49:30.285  [REDET]   Nokta #0 aranıyor...
2026-05-09 16:49:30.316  [REDET]   Nokta #0 aranıyor...
2026-05-09 16:49:30.349  [REDET]   Nokta #0 aranıyor...
2026-05-09 16:49:30.381  [REDET]   Nokta #0 aranıyor...
2026-05-09 16:49:30.413  [REDET]   Nokta #0 aranıyor...
2026-05-09 16:49:30.445  [REDET]   Nokta #0 aranıyor...
2026-05-09 16:49:30.460  [REDET]   Nokta #0 aranıyor...
2026-05-09 16:49:30.525  [REDET]   Nokta #0 aranıyor...
2026-05-09 16:49:30.557  [REDET]   Nokta #0 aranıyor...
2026-05-09 16:49:30.588  [REDET]   Nokta #0 aranıyor...
2026-05-09 16:49:30.620  [REDET]   Nokta #0 aranıyor...
2026-05-09 16:49:30.651  [REDET]   Nokta #0 aranıyor...
2026-05-09 16:49:30.684  [REDET]   Nokta #0 aranıyor...
2026-05-09 16:49:30.718  [REDET]   Nokta #0 aranıyor...
2026-05-09 16:49:30.751  [REDET]   Nokta #0 aranıyor...
2026-05-09 16:49:30.780  [REDET]   Nokta #0 aranıyor...
2026-05-09 16:49:30.813  [REDET]   Nokta #0 aranıyor...
2026-05-09 16:49:30.846  [REDET]   Nokta #0 aranıyor...
2026-05-09 16:49:30.867  [REDET]   Nokta #0 aranıyor...
2026-05-09 16:49:30.926  [REDET]   Nokta #0 aranıyor...
2026-05-09 16:49:30.959  [REDET]   Nokta #0 aranıyor...
2026-05-09 16:49:30.991  [REDET]   Nokta #0 aranıyor...
2026-05-09 16:49:31.023  [REDET]   Nokta #0 aranıyor...
2026-05-09 16:49:31.055  [REDET]   Nokta #0 aranıyor...
2026-05-09 16:49:31.087  [REDET]   Nokta #0 aranıyor...
2026-05-09 16:49:31.119  [REDET]   Nokta #0 aranıyor...
2026-05-09 16:49:31.151  [REDET]   Nokta #0 aranıyor...
2026-05-09 16:49:31.183  [REDET]   Nokta #0 aranıyor...
2026-05-09 16:49:31.215  [REDET]   Nokta #0 aranıyor...
2026-05-09 16:49:31.248  [REDET]   Nokta #0 aranıyor...
2026-05-09 16:49:31.267  [REDET]   Nokta #0 aranıyor...
2026-05-09 16:49:31.327  [REDET]   Nokta #0 aranıyor...
2026-05-09 16:49:31.357  [REDET]   Nokta #0 aranıyor...
2026-05-09 16:49:31.389  [REDET]   Nokta #0 aranıyor...
2026-05-09 16:49:31.421  [REDET]   Nokta #0 aranıyor...
2026-05-09 16:49:31.453  [REDET]   Nokta #0 aranıyor...
2026-05-09 16:49:31.485  [REDET]   Nokta #0 aranıyor...
2026-05-09 16:49:31.516  [REDET]   Nokta #0 aranıyor...
2026-05-09 16:49:31.549  [REDET]   Nokta #0 aranıyor...
2026-05-09 16:49:31.580  [REDET]   Nokta #0 aranıyor...
2026-05-09 16:49:31.612  [REDET]   Nokta #0 aranıyor...
2026-05-09 16:49:31.645  [REDET]   Nokta #0 aranıyor...
2026-05-09 16:49:31.661  [REDET]   Nokta #0 aranıyor...
2026-05-09 16:49:31.725  [REDET]   Nokta #0 aranıyor...
2026-05-09 16:49:31.757  [REDET]   Nokta #0 aranıyor...
2026-05-09 16:49:31.789  [REDET]   Nokta #0 aranıyor...
2026-05-09 16:49:31.822  [REDET]   Nokta #0 aranıyor...
2026-05-09 16:49:31.853  [REDET]   Nokta #0 aranıyor...
2026-05-09 16:49:31.886  [REDET]   Nokta #0 aranıyor...
2026-05-09 16:49:31.918  [REDET]   Nokta #0 aranıyor...
2026-05-09 16:49:31.950  [REDET]   Nokta #0 aranıyor...
2026-05-09 16:49:31.983  [REDET]   Nokta #0 aranıyor...
2026-05-09 16:49:32.015  [REDET]   Nokta #0 aranıyor...
2026-05-09 16:49:32.047  [REDET]   Nokta #0 aranıyor...
2026-05-09 16:49:32.062  [REDET]   Nokta #0 aranıyor...
2026-05-09 16:49:32.125  [REDET]   Nokta #0 aranıyor...
2026-05-09 16:49:32.157  [REDET]   Nokta #0 aranıyor...
2026-05-09 16:49:32.189  [REDET]   Nokta #0 aranıyor...
2026-05-09 16:49:32.221  [REDET]   Nokta #0 aranıyor...
2026-05-09 16:49:32.254  [REDET]   Nokta #0 aranıyor...
2026-05-09 16:49:32.283  [REDET]   Nokta #0 aranıyor...
2026-05-09 16:49:32.317  [REDET]   Nokta #0 aranıyor...
2026-05-09 16:49:32.350  [REDET]   Nokta #0 aranıyor...
2026-05-09 16:49:32.383  [REDET]   Nokta #0 aranıyor...
2026-05-09 16:49:32.416  [REDET]   Nokta #0 aranıyor...
2026-05-09 16:49:32.449  [REDET]   Nokta #0 aranıyor...
2026-05-09 16:49:32.466  [REDET]   Nokta #0 aranıyor...
2026-05-09 16:49:32.526  [REDET]   Nokta #0 aranıyor...
2026-05-09 16:49:32.557  [REDET]   Nokta #0 aranıyor...
2026-05-09 16:49:32.590  [REDET]   Nokta #0 aranıyor...
2026-05-09 16:49:32.620  [REDET]   Nokta #0 aranıyor...
2026-05-09 16:49:32.653  [REDET]   Nokta #0 aranıyor...
2026-05-09 16:49:32.684  [REDET]   Nokta #0 aranıyor...
2026-05-09 16:49:32.717  [REDET]   Nokta #0 aranıyor...
2026-05-09 16:49:32.749  [REDET]   Nokta #0 aranıyor...
2026-05-09 16:49:32.782  [REDET]   Nokta #0 aranıyor...
2026-05-09 16:49:32.812  [REDET]   Nokta #0 aranıyor...
2026-05-09 16:49:32.845  [REDET]   Nokta #0 aranıyor...
2026-05-09 16:49:32.865  [REDET]   Nokta #0 aranıyor...
2026-05-09 16:49:32.923  [KAYIP]   Nokta #1 kaybedildi
2026-05-09 16:49:32.925  [REDET]   Nokta #0 aranıyor...
2026-05-09 16:49:32.926  [REDET]   Nokta #1 bulundu  [Histogram+MeanShift]  (332, 183)
2026-05-09 16:49:32.957  [REDET]   Nokta #0 aranıyor...
2026-05-09 16:49:32.990  [REDET]   Nokta #0 aranıyor...
2026-05-09 16:49:33.021  [REDET]   Nokta #0 aranıyor...
2026-05-09 16:49:33.055  [REDET]   Nokta #0 aranıyor...
2026-05-09 16:49:33.088  [REDET]   Nokta #0 aranıyor...
2026-05-09 16:49:33.120  [REDET]   Nokta #0 aranıyor...
2026-05-09 16:49:33.151  [REDET]   Nokta #0 aranıyor...
2026-05-09 16:49:33.184  [REDET]   Nokta #0 aranıyor...
2026-05-09 16:49:33.215  [REDET]   Nokta #0 aranıyor...
2026-05-09 16:49:33.248  [REDET]   Nokta #0 aranıyor...
2026-05-09 16:49:33.269  [REDET]   Nokta #0 aranıyor...
2026-05-09 16:49:33.326  [REDET]   Nokta #0 aranıyor...
2026-05-09 16:49:33.358  [REDET]   Nokta #0 aranıyor...
2026-05-09 16:49:33.388  [REDET]   Nokta #0 aranıyor...
2026-05-09 16:49:33.421  [REDET]   Nokta #0 bulundu  [Histogram+MeanShift]  (297, 181)
2026-05-09 16:49:36.123  [KAYIP]   Nokta #0 kaybedildi
2026-05-09 16:49:36.123  [KAYIP]   Nokta #1 kaybedildi
2026-05-09 16:49:36.125  [REDET]   Nokta #0 aranıyor...
2026-05-09 16:49:36.126  [REDET]   Nokta #1 bulundu  [Histogram+MeanShift]  (458, 178)
2026-05-09 16:49:36.159  [REDET]   Nokta #0 aranıyor...
2026-05-09 16:49:36.189  [REDET]   Nokta #0 aranıyor...
2026-05-09 16:49:36.223  [REDET]   Nokta #0 aranıyor...
2026-05-09 16:49:36.253  [REDET]   Nokta #0 aranıyor...
2026-05-09 16:49:36.285  [REDET]   Nokta #0 aranıyor...
2026-05-09 16:49:36.317  [REDET]   Nokta #0 aranıyor...
2026-05-09 16:49:36.347  [REDET]   Nokta #0 aranıyor...
2026-05-09 16:49:36.382  [REDET]   Nokta #0 aranıyor...
2026-05-09 16:49:36.415  [REDET]   Nokta #0 aranıyor...
2026-05-09 16:49:36.446  [REDET]   Nokta #0 aranıyor...
2026-05-09 16:49:36.462  [REDET]   Nokta #0 aranıyor...
2026-05-09 16:49:36.525  [REDET]   Nokta #0 aranıyor...
2026-05-09 16:49:36.558  [REDET]   Nokta #0 aranıyor...
2026-05-09 16:49:36.589  [REDET]   Nokta #0 aranıyor...
2026-05-09 16:49:36.622  [REDET]   Nokta #0 aranıyor...
2026-05-09 16:49:36.653  [REDET]   Nokta #0 aranıyor...
2026-05-09 16:49:36.685  [REDET]   Nokta #0 bulundu  [Histogram+MeanShift]  (467, 167)
2026-05-09 16:49:36.782  [SÜRÜK]   Nokta #0 sürükleniyor  dK=3.0  eA=13.3px
2026-05-09 16:49:36.811  [KAYIP]   Nokta #0 kaybedildi
2026-05-09 16:49:36.813  [REDET]   Nokta #0 aranıyor...
2026-05-09 16:49:36.845  [REDET]   Nokta #0 aranıyor...
2026-05-09 16:49:36.868  [REDET]   Nokta #0 aranıyor...
2026-05-09 16:49:36.926  [REDET]   Nokta #0 aranıyor...
2026-05-09 16:49:36.959  [REDET]   Nokta #0 aranıyor...
2026-05-09 16:49:36.990  [REDET]   Nokta #0 aranıyor...
2026-05-09 16:49:37.022  [REDET]   Nokta #0 aranıyor...
2026-05-09 16:49:37.052  [REDET]   Nokta #0 aranıyor...
2026-05-09 16:49:37.085  [REDET]   Nokta #0 aranıyor...
2026-05-09 16:49:37.116  [REDET]   Nokta #0 aranıyor...
2026-05-09 16:49:37.149  [REDET]   Nokta #0 aranıyor...
2026-05-09 16:49:37.181  [REDET]   Nokta #0 aranıyor...
2026-05-09 16:49:37.215  [REDET]   Nokta #0 aranıyor...
2026-05-09 16:49:37.248  [REDET]   Nokta #0 aranıyor...
2026-05-09 16:49:37.276  [REDET]   Nokta #0 aranıyor...
2026-05-09 16:49:37.325  [REDET]   Nokta #0 aranıyor...
2026-05-09 16:49:37.359  [REDET]   Nokta #0 aranıyor...
2026-05-09 16:49:37.389  [REDET]   Nokta #0 aranıyor...
2026-05-09 16:49:37.420  [REDET]   Nokta #0 aranıyor...
2026-05-09 16:49:37.454  [REDET]   Nokta #0 aranıyor...
2026-05-09 16:49:37.493  [REDET]   Nokta #0 aranıyor...
2026-05-09 16:49:37.517  [REDET]   Nokta #0 aranıyor...
2026-05-09 16:49:37.549  [REDET]   Nokta #0 aranıyor...
2026-05-09 16:49:37.582  [REDET]   Nokta #0 aranıyor...
2026-05-09 16:49:37.615  [REDET]   Nokta #0 aranıyor...
2026-05-09 16:49:37.645  [REDET]   Nokta #0 aranıyor...
2026-05-09 16:49:37.664  [REDET]   Nokta #0 aranıyor...
2026-05-09 16:49:37.728  [REDET]   Nokta #0 aranıyor...
2026-05-09 16:49:37.758  [REDET]   Nokta #0 aranıyor...
2026-05-09 16:49:37.799  [REDET]   Nokta #0 aranıyor...
2026-05-09 16:49:37.821  [REDET]   Nokta #0 aranıyor...
2026-05-09 16:49:37.853  [REDET]   Nokta #0 aranıyor...
2026-05-09 16:49:37.885  [REDET]   Nokta #0 aranıyor...
2026-05-09 16:49:37.928  [REDET]   Nokta #0 aranıyor...
2026-05-09 16:49:37.950  [REDET]   Nokta #0 aranıyor...
2026-05-09 16:49:37.981  [REDET]   Nokta #0 aranıyor...
2026-05-09 16:49:38.014  [REDET]   Nokta #0 aranıyor...
2026-05-09 16:49:38.046  [REDET]   Nokta #0 aranıyor...
2026-05-09 16:49:38.066  [REDET]   Nokta #0 aranıyor...
2026-05-09 16:49:38.137  [REDET]   Nokta #0 aranıyor...
2026-05-09 16:49:38.161  [REDET]   Nokta #0 aranıyor...
2026-05-09 16:49:38.190  [REDET]   Nokta #0 aranıyor...
2026-05-09 16:49:38.222  [REDET]   Nokta #0 aranıyor...
2026-05-09 16:49:38.252  [REDET]   Nokta #0 aranıyor...
2026-05-09 16:49:38.286  [REDET]   Nokta #0 aranıyor...
2026-05-09 16:49:38.329  [REDET]   Nokta #0 aranıyor...
2026-05-09 16:49:38.350  [REDET]   Nokta #0 aranıyor...
2026-05-09 16:49:38.382  [REDET]   Nokta #0 aranıyor...
2026-05-09 16:49:38.414  [REDET]   Nokta #0 aranıyor...
2026-05-09 16:49:38.456  [REDET]   Nokta #0 aranıyor...
2026-05-09 16:49:38.473  [REDET]   Nokta #0 aranıyor...
2026-05-09 16:49:38.527  [REDET]   Nokta #0 aranıyor...
2026-05-09 16:49:38.561  [REDET]   Nokta #0 aranıyor...
2026-05-09 16:49:38.589  [REDET]   Nokta #0 aranıyor...
2026-05-09 16:49:38.623  [REDET]   Nokta #0 aranıyor...
2026-05-09 16:49:38.655  [REDET]   Nokta #0 aranıyor...
2026-05-09 16:49:38.687  [REDET]   Nokta #0 aranıyor...
2026-05-09 16:49:38.719  [REDET]   Nokta #0 aranıyor...
2026-05-09 16:49:38.751  [REDET]   Nokta #0 aranıyor...
2026-05-09 16:49:38.784  [REDET]   Nokta #0 aranıyor...
2026-05-09 16:49:38.815  [REDET]   Nokta #0 aranıyor...
2026-05-09 16:49:38.847  [REDET]   Nokta #0 aranıyor...
2026-05-09 16:49:38.867  [REDET]   Nokta #0 aranıyor...
2026-05-09 16:49:38.925  [REDET]   Nokta #0 aranıyor...
2026-05-09 16:49:38.957  [REDET]   Nokta #0 aranıyor...
2026-05-09 16:49:38.990  [REDET]   Nokta #0 aranıyor...
2026-05-09 16:49:39.021  [REDET]   Nokta #0 aranıyor...
2026-05-09 16:49:39.054  [REDET]   Nokta #0 aranıyor...
2026-05-09 16:49:39.086  [REDET]   Nokta #0 aranıyor...
2026-05-09 16:49:39.117  [REDET]   Nokta #0 aranıyor...
2026-05-09 16:49:39.149  [REDET]   Nokta #0 aranıyor...
2026-05-09 16:49:39.183  [REDET]   Nokta #0 aranıyor...
2026-05-09 16:49:39.215  [REDET]   Nokta #0 aranıyor...
2026-05-09 16:49:39.247  [REDET]   Nokta #0 aranıyor...
2026-05-09 16:49:39.263  [REDET]   Nokta #0 aranıyor...
2026-05-09 16:49:39.326  [REDET]   Nokta #0 aranıyor...
2026-05-09 16:49:39.358  [REDET]   Nokta #0 aranıyor...
2026-05-09 16:49:39.390  [REDET]   Nokta #0 aranıyor...
2026-05-09 16:49:39.422  [REDET]   Nokta #0 aranıyor...
2026-05-09 16:49:39.454  [REDET]   Nokta #0 aranıyor...
2026-05-09 16:49:39.486  [REDET]   Nokta #0 aranıyor...
2026-05-09 16:49:39.517  [REDET]   Nokta #0 aranıyor...
2026-05-09 16:49:39.548  [REDET]   Nokta #0 aranıyor...
2026-05-09 16:49:39.582  [REDET]   Nokta #0 aranıyor...
2026-05-09 16:49:39.615  [REDET]   Nokta #0 aranıyor...
2026-05-09 16:49:39.648  [REDET]   Nokta #0 aranıyor...
2026-05-09 16:49:39.661  [REDET]   Nokta #0 aranıyor...
2026-05-09 16:49:39.726  [REDET]   Nokta #0 aranıyor...
2026-05-09 16:49:39.758  [REDET]   Nokta #0 aranıyor...
2026-05-09 16:49:39.791  [REDET]   Nokta #0 aranıyor...
2026-05-09 16:49:39.821  [REDET]   Nokta #0 aranıyor...
2026-05-09 16:49:39.853  [REDET]   Nokta #0 aranıyor...
2026-05-09 16:49:39.885  [REDET]   Nokta #0 aranıyor...
2026-05-09 16:49:39.917  [REDET]   Nokta #0 aranıyor...
2026-05-09 16:49:39.948  [REDET]   Nokta #0 aranıyor...
2026-05-09 16:49:39.982  [REDET]   Nokta #0 aranıyor...
2026-05-09 16:49:40.014  [REDET]   Nokta #0 aranıyor...
2026-05-09 16:49:40.047  [REDET]   Nokta #0 aranıyor...
2026-05-09 16:49:40.062  [REDET]   Nokta #0 aranıyor...
2026-05-09 16:49:40.126  [REDET]   Nokta #0 aranıyor...
2026-05-09 16:49:40.158  [REDET]   Nokta #0 aranıyor...
2026-05-09 16:49:40.189  [REDET]   Nokta #0 aranıyor...
2026-05-09 16:49:40.222  [REDET]   Nokta #0 aranıyor...
2026-05-09 16:49:40.255  [REDET]   Nokta #0 aranıyor...
2026-05-09 16:49:40.284  [REDET]   Nokta #0 aranıyor...
2026-05-09 16:49:40.317  [REDET]   Nokta #0 aranıyor...
2026-05-09 16:49:40.349  [REDET]   Nokta #0 aranıyor...
2026-05-09 16:49:40.381  [REDET]   Nokta #0 aranıyor...
2026-05-09 16:49:40.414  [REDET]   Nokta #0 aranıyor...
2026-05-09 16:49:40.448  [REDET]   Nokta #0 aranıyor...
2026-05-09 16:49:40.462  [REDET]   Nokta #0 aranıyor...
2026-05-09 16:49:40.536  [REDET]   Nokta #0 aranıyor...
2026-05-09 16:49:40.559  [REDET]   Nokta #0 aranıyor...
2026-05-09 16:49:40.591  [REDET]   Nokta #0 aranıyor...
2026-05-09 16:49:40.623  [REDET]   Nokta #0 aranıyor...
2026-05-09 16:49:40.656  [REDET]   Nokta #0 aranıyor...
2026-05-09 16:49:40.686  [REDET]   Nokta #0 aranıyor...
2026-05-09 16:49:40.717  [REDET]   Nokta #0 aranıyor...
2026-05-09 16:49:40.749  [REDET]   Nokta #0 aranıyor...
2026-05-09 16:49:40.782  [REDET]   Nokta #0 aranıyor...
2026-05-09 16:49:40.819  [REDET]   Nokta #0 aranıyor...
2026-05-09 16:49:40.847  [REDET]   Nokta #0 aranıyor...
2026-05-09 16:49:40.860  [REDET]   Nokta #0 aranıyor...
2026-05-09 16:49:40.925  [REDET]   Nokta #0 aranıyor...
2026-05-09 16:49:40.958  [REDET]   Nokta #0 aranıyor...
2026-05-09 16:49:40.991  [REDET]   Nokta #0 aranıyor...
2026-05-09 16:49:41.021  [REDET]   Nokta #0 aranıyor...
2026-05-09 16:49:41.052  [REDET]   Nokta #0 aranıyor...
2026-05-09 16:49:41.087  [REDET]   Nokta #0 aranıyor...
2026-05-09 16:49:41.118  [REDET]   Nokta #0 aranıyor...
2026-05-09 16:49:41.150  [REDET]   Nokta #0 aranıyor...
2026-05-09 16:49:41.182  [REDET]   Nokta #0 aranıyor...
2026-05-09 16:49:41.213  [REDET]   Nokta #0 aranıyor...
2026-05-09 16:49:41.244  [REDET]   Nokta #0 aranıyor...
2026-05-09 16:49:41.258  [REDET]   Nokta #0 aranıyor...
2026-05-09 16:49:41.325  [REDET]   Nokta #0 aranıyor...
2026-05-09 16:49:41.366  [REDET]   Nokta #0 aranıyor...
2026-05-09 16:49:41.390  [REDET]   Nokta #0 aranıyor...
2026-05-09 16:49:41.423  [REDET]   Nokta #0 aranıyor...
2026-05-09 16:49:41.455  [REDET]   Nokta #0 aranıyor...
2026-05-09 16:49:41.487  [REDET]   Nokta #0 aranıyor...
2026-05-09 16:49:41.519  [REDET]   Nokta #0 aranıyor...
2026-05-09 16:49:41.551  [REDET]   Nokta #0 aranıyor...
2026-05-09 16:49:41.583  [REDET]   Nokta #0 aranıyor...
2026-05-09 16:49:41.615  [REDET]   Nokta #0 aranıyor...
2026-05-09 16:49:41.638  [REDET]   Nokta #0 aranıyor...
2026-05-09 16:49:41.659  [REDET]   Nokta #0 aranıyor...
2026-05-09 16:49:41.727  [REDET]   Nokta #0 aranıyor...
2026-05-09 16:49:41.760  [REDET]   Nokta #0 aranıyor...
2026-05-09 16:49:41.790  [REDET]   Nokta #0 aranıyor...
2026-05-09 16:49:41.822  [REDET]   Nokta #0 aranıyor...
2026-05-09 16:49:41.854  [REDET]   Nokta #0 aranıyor...
2026-05-09 16:49:41.886  [REDET]   Nokta #0 aranıyor...
2026-05-09 16:49:41.917  [REDET]   Nokta #0 aranıyor...
2026-05-09 16:49:41.950  [REDET]   Nokta #0 aranıyor...
2026-05-09 16:49:41.981  [REDET]   Nokta #0 aranıyor...
2026-05-09 16:49:42.012  [REDET]   Nokta #0 aranıyor...
2026-05-09 16:49:42.041  [REDET]   Nokta #0 aranıyor...
2026-05-09 16:49:42.056  [REDET]   Nokta #0 aranıyor...
2026-05-09 16:49:42.124  [REDET]   Nokta #0 aranıyor...
2026-05-09 16:49:42.156  [REDET]   Nokta #0 aranıyor...
2026-05-09 16:49:42.189  [REDET]   Nokta #0 aranıyor...
2026-05-09 16:49:42.222  [REDET]   Nokta #0 aranıyor...
2026-05-09 16:49:42.254  [REDET]   Nokta #0 aranıyor...
2026-05-09 16:49:42.285  [REDET]   Nokta #0 aranıyor...
2026-05-09 16:49:42.317  [REDET]   Nokta #0 aranıyor...
2026-05-09 16:49:42.350  [REDET]   Nokta #0 aranıyor...
2026-05-09 16:49:42.379  [REDET]   Nokta #0 aranıyor...
2026-05-09 16:49:42.414  [REDET]   Nokta #0 aranıyor...
2026-05-09 16:49:42.431  [REDET]   Nokta #0 aranıyor...
2026-05-09 16:49:42.447  [REDET]   Nokta #0 aranıyor...
2026-05-09 16:49:42.525  [REDET]   Nokta #0 aranıyor...
2026-05-09 16:49:42.558  [REDET]   Nokta #0 aranıyor...
2026-05-09 16:49:42.590  [REDET]   Nokta #0 aranıyor...
2026-05-09 16:49:42.622  [REDET]   Nokta #0 aranıyor...
2026-05-09 16:49:42.654  [REDET]   Nokta #0 aranıyor...
2026-05-09 16:49:42.686  [REDET]   Nokta #0 aranıyor...
2026-05-09 16:49:42.718  [REDET]   Nokta #0 aranıyor...
2026-05-09 16:49:42.750  [REDET]   Nokta #0 aranıyor...
2026-05-09 16:49:42.782  [REDET]   Nokta #0 aranıyor...
2026-05-09 16:49:42.813  [REDET]   Nokta #0 aranıyor...
2026-05-09 16:49:42.830  [REDET]   Nokta #0 aranıyor...
2026-05-09 16:49:42.848  [REDET]   Nokta #0 aranıyor...
2026-05-09 16:49:42.926  [REDET]   Nokta #0 aranıyor...
2026-05-09 16:49:42.957  [REDET]   Nokta #0 aranıyor...
2026-05-09 16:49:42.992  [REDET]   Nokta #0 aranıyor...
2026-05-09 16:49:43.023  [REDET]   Nokta #0 aranıyor...
2026-05-09 16:49:43.055  [REDET]   Nokta #0 aranıyor...
2026-05-09 16:49:43.086  [REDET]   Nokta #0 aranıyor...
2026-05-09 16:49:43.119  [REDET]   Nokta #0 aranıyor...
2026-05-09 16:49:43.150  [REDET]   Nokta #0 aranıyor...
2026-05-09 16:49:43.182  [REDET]   Nokta #0 aranıyor...
2026-05-09 16:49:43.214  [REDET]   Nokta #0 aranıyor...
2026-05-09 16:49:43.229  [REDET]   Nokta #0 aranıyor...
2026-05-09 16:49:43.247  [REDET]   Nokta #0 aranıyor...
2026-05-09 16:49:43.324  [REDET]   Nokta #0 aranıyor...
2026-05-09 16:49:43.359  [REDET]   Nokta #0 aranıyor...
2026-05-09 16:49:43.389  [REDET]   Nokta #0 aranıyor...
2026-05-09 16:49:43.420  [REDET]   Nokta #0 aranıyor...
2026-05-09 16:49:43.453  [REDET]   Nokta #0 aranıyor...
2026-05-09 16:49:43.484  [REDET]   Nokta #0 aranıyor...
2026-05-09 16:49:43.517  [REDET]   Nokta #0 aranıyor...
2026-05-09 16:49:43.549  [REDET]   Nokta #0 aranıyor...
2026-05-09 16:49:43.581  [REDET]   Nokta #0 aranıyor...
2026-05-09 16:49:43.610  [REDET]   Nokta #0 aranıyor...
2026-05-09 16:49:43.636  [REDET]   Nokta #0 aranıyor...
2026-05-09 16:49:43.650  [REDET]   Nokta #0 aranıyor...
2026-05-09 16:49:43.724  [REDET]   Nokta #0 aranıyor...
2026-05-09 16:49:43.757  [REDET]   Nokta #0 aranıyor...
2026-05-09 16:49:43.791  [REDET]   Nokta #0 aranıyor...
2026-05-09 16:49:43.822  [REDET]   Nokta #0 aranıyor...
2026-05-09 16:49:43.854  [REDET]   Nokta #0 aranıyor...
2026-05-09 16:49:43.886  [REDET]   Nokta #0 aranıyor...
2026-05-09 16:49:43.917  [REDET]   Nokta #0 aranıyor...
2026-05-09 16:49:43.950  [REDET]   Nokta #0 aranıyor...
2026-05-09 16:49:43.981  [REDET]   Nokta #0 aranıyor...
2026-05-09 16:49:44.013  [REDET]   Nokta #0 aranıyor...
2026-05-09 16:49:44.027  [REDET]   Nokta #0 aranıyor...
2026-05-09 16:49:44.046  [REDET]   Nokta #0 aranıyor...
2026-05-09 16:49:44.125  [REDET]   Nokta #0 aranıyor...
2026-05-09 16:49:44.157  [REDET]   Nokta #0 aranıyor...
2026-05-09 16:49:44.191  [REDET]   Nokta #0 aranıyor...
2026-05-09 16:49:44.222  [REDET]   Nokta #0 aranıyor...
2026-05-09 16:49:44.254  [REDET]   Nokta #0 aranıyor...
2026-05-09 16:49:44.283  [REDET]   Nokta #0 aranıyor...
2026-05-09 16:49:44.317  [REDET]   Nokta #0 aranıyor...
2026-05-09 16:49:44.349  [REDET]   Nokta #0 aranıyor...
2026-05-09 16:49:44.389  [REDET]   Nokta #0 aranıyor...
2026-05-09 16:49:44.413  [REDET]   Nokta #0 aranıyor...
2026-05-09 16:49:44.428  [REDET]   Nokta #0 aranıyor...
2026-05-09 16:49:44.446  [REDET]   Nokta #0 aranıyor...
2026-05-09 16:49:44.524  [REDET]   Nokta #0 aranıyor...
2026-05-09 16:49:44.557  [REDET]   Nokta #0 aranıyor...
2026-05-09 16:49:44.591  [REDET]   Nokta #0 aranıyor...
2026-05-09 16:49:44.623  [REDET]   Nokta #0 aranıyor...
2026-05-09 16:49:44.662  [REDET]   Nokta #0 aranıyor...
2026-05-09 16:49:44.685  [REDET]   Nokta #0 aranıyor...
2026-05-09 16:49:44.717  [REDET]   Nokta #0 aranıyor...
2026-05-09 16:49:44.749  [REDET]   Nokta #0 aranıyor...
2026-05-09 16:49:44.780  [REDET]   Nokta #0 aranıyor...
2026-05-09 16:49:44.813  [REDET]   Nokta #0 aranıyor...
2026-05-09 16:49:44.828  [REDET]   Nokta #0 aranıyor...
2026-05-09 16:49:44.845  [REDET]   Nokta #0 aranıyor...
2026-05-09 16:49:44.924  [REDET]   Nokta #0 aranıyor...
2026-05-09 16:49:44.957  [REDET]   Nokta #0 aranıyor...
2026-05-09 16:49:44.990  [REDET]   Nokta #0 aranıyor...
2026-05-09 16:49:45.023  [REDET]   Nokta #0 aranıyor...
2026-05-09 16:49:45.055  [REDET]   Nokta #0 aranıyor...
2026-05-09 16:49:45.086  [REDET]   Nokta #0 aranıyor...
2026-05-09 16:49:45.120  [REDET]   Nokta #0 aranıyor...
2026-05-09 16:49:45.149  [REDET]   Nokta #0 aranıyor...
2026-05-09 16:49:45.182  [REDET]   Nokta #0 aranıyor...
2026-05-09 16:49:45.213  [REDET]   Nokta #0 aranıyor...
2026-05-09 16:49:45.228  [REDET]   Nokta #0 aranıyor...
2026-05-09 16:49:45.245  [REDET]   Nokta #0 aranıyor...
2026-05-09 16:49:45.325  [REDET]   Nokta #0 aranıyor...
2026-05-09 16:49:45.357  [REDET]   Nokta #0 aranıyor...
2026-05-09 16:49:45.392  [REDET]   Nokta #0 aranıyor...
2026-05-09 16:49:45.423  [REDET]   Nokta #0 aranıyor...
2026-05-09 16:49:45.454  [REDET]   Nokta #0 aranıyor...
2026-05-09 16:49:45.486  [REDET]   Nokta #0 aranıyor...
2026-05-09 16:49:45.528  [REDET]   Nokta #0 aranıyor...
2026-05-09 16:49:45.550  [REDET]   Nokta #0 aranıyor...
2026-05-09 16:49:45.580  [REDET]   Nokta #0 aranıyor...
2026-05-09 16:49:45.630  [REDET]   Nokta #0 aranıyor...
2026-05-09 16:49:45.659  [REDET]   Nokta #0 aranıyor...
2026-05-09 16:49:45.675  [REDET]   Nokta #0 aranıyor...
2026-05-09 16:49:45.726  [REDET]   Nokta #0 aranıyor...
2026-05-09 16:49:45.758  [REDET]   Nokta #0 aranıyor...
2026-05-09 16:49:45.789  [REDET]   Nokta #0 aranıyor...
2026-05-09 16:49:45.834  [REDET]   Nokta #0 aranıyor...
2026-05-09 16:49:45.860  [REDET]   Nokta #0 aranıyor...
2026-05-09 16:49:45.885  [REDET]   Nokta #0 aranıyor...
2026-05-09 16:49:45.918  [REDET]   Nokta #0 aranıyor...
2026-05-09 16:49:45.948  [REDET]   Nokta #0 aranıyor...
2026-05-09 16:49:45.981  [REDET]   Nokta #0 aranıyor...
2026-05-09 16:49:46.014  [REDET]   Nokta #0 aranıyor...
2026-05-09 16:49:46.034  [REDET]   Nokta #0 aranıyor...
2026-05-09 16:49:46.054  [REDET]   Nokta #0 aranıyor...
2026-05-09 16:49:46.138  [REDET]   Nokta #0 aranıyor...
2026-05-09 16:49:46.181  [REDET]   Nokta #0 aranıyor...
2026-05-09 16:49:46.209  [REDET]   Nokta #0 aranıyor...
2026-05-09 16:49:46.226  [REDET]   Nokta #0 aranıyor...
2026-05-09 16:49:46.254  [REDET]   Nokta #0 aranıyor...
2026-05-09 16:49:46.286  [REDET]   Nokta #0 aranıyor...
2026-05-09 16:49:46.317  [REDET]   Nokta #0 aranıyor...
2026-05-09 16:49:46.349  [REDET]   Nokta #0 aranıyor...
2026-05-09 16:49:46.381  [REDET]   Nokta #0 aranıyor...
2026-05-09 16:49:46.412  [REDET]   Nokta #0 aranıyor...
2026-05-09 16:49:46.426  [REDET]   Nokta #0 aranıyor...
2026-05-09 16:49:46.445  [REDET]   Nokta #0 aranıyor...
2026-05-09 16:49:46.525  [REDET]   Nokta #0 aranıyor...
2026-05-09 16:49:46.557  [REDET]   Nokta #0 aranıyor...
2026-05-09 16:49:46.590  [REDET]   Nokta #0 aranıyor...
2026-05-09 16:49:46.622  [REDET]   Nokta #0 aranıyor...
2026-05-09 16:49:46.654  [REDET]   Nokta #0 aranıyor...
2026-05-09 16:49:46.687  [REDET]   Nokta #0 aranıyor...
2026-05-09 16:49:46.718  [REDET]   Nokta #0 aranıyor...
2026-05-09 16:49:46.749  [REDET]   Nokta #0 aranıyor...
2026-05-09 16:49:46.782  [REDET]   Nokta #0 aranıyor...
2026-05-09 16:49:46.813  [REDET]   Nokta #0 aranıyor...
2026-05-09 16:49:46.827  [REDET]   Nokta #0 aranıyor...
2026-05-09 16:49:46.845  [REDET]   Nokta #0 aranıyor...
2026-05-09 16:49:46.924  [REDET]   Nokta #0 aranıyor...
2026-05-09 16:49:46.958  [REDET]   Nokta #0 aranıyor...
2026-05-09 16:49:46.990  [REDET]   Nokta #0 aranıyor...
2026-05-09 16:49:47.022  [REDET]   Nokta #0 aranıyor...
2026-05-09 16:49:47.056  [REDET]   Nokta #0 aranıyor...
2026-05-09 16:49:47.086  [REDET]   Nokta #0 aranıyor...
2026-05-09 16:49:47.116  [REDET]   Nokta #0 aranıyor...
2026-05-09 16:49:47.149  [REDET]   Nokta #0 aranıyor...
2026-05-09 16:49:47.182  [REDET]   Nokta #0 aranıyor...
2026-05-09 16:49:47.213  [REDET]   Nokta #0 aranıyor...
2026-05-09 16:49:47.228  [REDET]   Nokta #0 aranıyor...
2026-05-09 16:49:47.246  [REDET]   Nokta #0 aranıyor...
2026-05-09 16:49:47.322  [KAYIP]   Nokta #1 kaybedildi
2026-05-09 16:49:47.323  [REDET]   Nokta #0 aranıyor...
2026-05-09 16:49:47.324  [REDET]   Nokta #1 bulundu  [Histogram+MeanShift]  (455, 154)
2026-05-09 16:49:47.355  [SÜRÜK]   Nokta #1 sürükleniyor  dK=15.0  eA=0.0px
2026-05-09 16:49:47.357  [REDET]   Nokta #0 aranıyor...
2026-05-09 16:49:47.390  [KAYIP]   Nokta #1 kaybedildi
2026-05-09 16:49:47.391  [REDET]   Nokta #0 aranıyor...
2026-05-09 16:49:47.392  [REDET]   Nokta #1 bulundu  [Histogram+MeanShift]  (464, 153)
2026-05-09 16:49:47.420  [SÜRÜK]   Nokta #1 sürükleniyor  dK=14.5  eA=0.8px
2026-05-09 16:49:47.422  [REDET]   Nokta #0 aranıyor...
2026-05-09 16:49:47.455  [KAYIP]   Nokta #1 kaybedildi
2026-05-09 16:49:47.455  [REDET]   Nokta #0 aranıyor...
2026-05-09 16:49:47.457  [REDET]   Nokta #1 bulundu  [Histogram+MeanShift]  (473, 154)
2026-05-09 16:49:47.484  [SÜRÜK]   Nokta #1 sürükleniyor  dK=13.2  eA=0.6px
2026-05-09 16:49:47.485  [REDET]   Nokta #0 aranıyor...
2026-05-09 16:49:47.519  [KAYIP]   Nokta #1 kaybedildi
2026-05-09 16:49:47.521  [REDET]   Nokta #0 aranıyor...
2026-05-09 16:49:47.522  [REDET]   Nokta #1 bulundu  [NCC Şablon Eşleme]  (475, 144)
2026-05-09 16:49:47.551  [KAYIP]   Nokta #1 kaybedildi
2026-05-09 16:49:47.552  [REDET]   Nokta #0 aranıyor...
2026-05-09 16:49:47.553  [REDET]   Nokta #1 bulundu  [NCC Şablon Eşleme]  (514, 159)
2026-05-09 16:49:47.581  [REDET]   Nokta #0 aranıyor...
2026-05-09 16:49:47.614  [REDET]   Nokta #0 aranıyor...
2026-05-09 16:49:47.628  [REDET]   Nokta #0 aranıyor...
2026-05-09 16:49:47.646  [REDET]   Nokta #0 aranıyor...
2026-05-09 16:49:47.725  [REDET]   Nokta #0 aranıyor...
2026-05-09 16:49:47.766  [REDET]   Nokta #0 aranıyor...
2026-05-09 16:49:47.790  [REDET]   Nokta #0 aranıyor...
2026-05-09 16:49:47.822  [REDET]   Nokta #0 aranıyor...
2026-05-09 16:49:47.854  [REDET]   Nokta #0 aranıyor...
2026-05-09 16:49:47.886  [REDET]   Nokta #0 aranıyor...
2026-05-09 16:49:47.918  [REDET]   Nokta #0 aranıyor...
2026-05-09 16:49:47.959  [REDET]   Nokta #0 aranıyor...
2026-05-09 16:49:47.981  [REDET]   Nokta #0 aranıyor...
2026-05-09 16:49:48.013  [REDET]   Nokta #0 aranıyor...
2026-05-09 16:49:48.033  [REDET]   Nokta #0 aranıyor...
2026-05-09 16:49:48.048  [REDET]   Nokta #0 aranıyor...
2026-05-09 16:49:48.126  [REDET]   Nokta #0 aranıyor...
2026-05-09 16:49:48.158  [REDET]   Nokta #0 aranıyor...
2026-05-09 16:49:48.190  [REDET]   Nokta #0 aranıyor...
2026-05-09 16:49:48.223  [REDET]   Nokta #0 aranıyor...
2026-05-09 16:49:48.255  [REDET]   Nokta #0 aranıyor...
2026-05-09 16:49:48.287  [REDET]   Nokta #0 aranıyor...
2026-05-09 16:49:48.321  [REDET]   Nokta #0 aranıyor...
2026-05-09 16:49:48.349  [REDET]   Nokta #0 aranıyor...
2026-05-09 16:49:48.381  [REDET]   Nokta #0 aranıyor...
2026-05-09 16:49:48.413  [REDET]   Nokta #0 aranıyor...
2026-05-09 16:49:48.428  [REDET]   Nokta #0 aranıyor...
2026-05-09 16:49:48.445  [REDET]   Nokta #0 aranıyor...
2026-05-09 16:49:48.525  [REDET]   Nokta #0 aranıyor...
2026-05-09 16:49:48.558  [REDET]   Nokta #0 aranıyor...
2026-05-09 16:49:48.589  [REDET]   Nokta #0 aranıyor...
2026-05-09 16:49:48.622  [REDET]   Nokta #0 aranıyor...
2026-05-09 16:49:48.654  [REDET]   Nokta #0 aranıyor...
2026-05-09 16:49:48.686  [REDET]   Nokta #0 aranıyor...
2026-05-09 16:49:48.725  [REDET]   Nokta #0 aranıyor...
2026-05-09 16:49:48.750  [REDET]   Nokta #0 aranıyor...
2026-05-09 16:49:48.791  [REDET]   Nokta #0 aranıyor...
2026-05-09 16:49:48.813  [REDET]   Nokta #0 aranıyor...
2026-05-09 16:49:48.844  [REDET]   Nokta #0 aranıyor...
2026-05-09 16:49:48.857  [REDET]   Nokta #0 aranıyor...
2026-05-09 16:49:48.924  [REDET]   Nokta #0 aranıyor...
2026-05-09 16:49:48.958  [REDET]   Nokta #0 aranıyor...
2026-05-09 16:49:48.990  [REDET]   Nokta #0 aranıyor...
2026-05-09 16:49:49.022  [REDET]   Nokta #0 aranıyor...
2026-05-09 16:49:49.055  [REDET]   Nokta #0 aranıyor...
2026-05-09 16:49:49.087  [REDET]   Nokta #0 aranıyor...
2026-05-09 16:49:49.119  [REDET]   Nokta #0 aranıyor...
2026-05-09 16:49:49.150  [REDET]   Nokta #0 aranıyor...
2026-05-09 16:49:49.180  [REDET]   Nokta #0 aranıyor...
2026-05-09 16:49:49.214  [REDET]   Nokta #0 aranıyor...
2026-05-09 16:49:49.229  [REDET]   Nokta #0 aranıyor...
2026-05-09 16:49:49.245  [REDET]   Nokta #0 aranıyor...
2026-05-09 16:49:49.323  [REDET]   Nokta #0 aranıyor...
2026-05-09 16:49:49.359  [REDET]   Nokta #0 aranıyor...
2026-05-09 16:49:49.398  [REDET]   Nokta #0 aranıyor...
2026-05-09 16:49:49.422  [REDET]   Nokta #0 aranıyor...
2026-05-09 16:49:49.454  [REDET]   Nokta #0 aranıyor...
2026-05-09 16:49:49.488  [REDET]   Nokta #0 aranıyor...
2026-05-09 16:49:49.519  [REDET]   Nokta #0 aranıyor...
2026-05-09 16:49:49.552  [REDET]   Nokta #0 aranıyor...
2026-05-09 16:49:49.581  [REDET]   Nokta #0 aranıyor...
2026-05-09 16:49:49.615  [REDET]   Nokta #0 aranıyor...
2026-05-09 16:49:49.637  [REDET]   Nokta #0 aranıyor...
2026-05-09 16:49:49.656  [REDET]   Nokta #0 aranıyor...
2026-05-09 16:49:49.727  [REDET]   Nokta #0 aranıyor...
2026-05-09 16:49:49.759  [REDET]   Nokta #0 aranıyor...
2026-05-09 16:49:49.791  [REDET]   Nokta #0 aranıyor...
2026-05-09 16:49:49.822  [REDET]   Nokta #0 aranıyor...
2026-05-09 16:49:49.854  [REDET]   Nokta #0 aranıyor...
2026-05-09 16:49:49.883  [REDET]   Nokta #0 aranıyor...
2026-05-09 16:49:49.918  [REDET]   Nokta #0 aranıyor...
2026-05-09 16:49:49.949  [REDET]   Nokta #0 aranıyor...
2026-05-09 16:49:49.981  [REDET]   Nokta #0 aranıyor...
2026-05-09 16:49:50.013  [REDET]   Nokta #0 aranıyor...
2026-05-09 16:49:50.030  [REDET]   Nokta #0 aranıyor...
2026-05-09 16:49:50.061  [REDET]   Nokta #0 aranıyor...
2026-05-09 16:49:50.122  [KAYIP]   Nokta #1 kaybedildi
2026-05-09 16:49:50.124  [REDET]   Nokta #0 aranıyor...
2026-05-09 16:49:50.124  [REDET]   Nokta #1 bulundu  [NCC Şablon Eşleme]  (494, 148)
2026-05-09 16:49:50.160  [REDET]   Nokta #0 aranıyor...
2026-05-09 16:49:50.190  [REDET]   Nokta #0 aranıyor...
2026-05-09 16:49:50.223  [REDET]   Nokta #0 aranıyor...
2026-05-09 16:49:50.255  [REDET]   Nokta #0 aranıyor...
2026-05-09 16:49:50.286  [REDET]   Nokta #0 aranıyor...
2026-05-09 16:49:50.315  [KAYIP]   Nokta #1 kaybedildi
2026-05-09 16:49:50.316  [REDET]   Nokta #0 bulundu  [Histogram+MeanShift]  (466, 165)
2026-05-09 16:49:50.318  [REDET]   Nokta #1 bulundu  [NCC Şablon Eşleme]  (507, 146)
2026-05-09 16:49:50.349  [SÜRÜK]   Nokta #0 sürükleniyor  dK=2.5  eA=13.3px
2026-05-09 16:49:50.380  [KAYIP]   Nokta #0 kaybedildi
2026-05-09 16:49:50.382  [REDET]   Nokta #0 bulundu  [Histogram+MeanShift]  (466, 165)
2026-05-09 16:49:50.412  [SÜRÜK]   Nokta #0 sürükleniyor  dK=1.7  eA=9.4px
2026-05-09 16:49:50.442  [KAYIP]   Nokta #0 kaybedildi
2026-05-09 16:49:50.443  [REDET]   Nokta #0 bulundu  [Histogram+MeanShift]  (466, 165)
2026-05-09 16:49:50.460  [SÜRÜK]   Nokta #0 sürükleniyor  dK=2.6  eA=9.4px
2026-05-09 16:49:50.525  [KAYIP]   Nokta #0 kaybedildi
2026-05-09 16:49:50.526  [REDET]   Nokta #0 bulundu  [Histogram+MeanShift]  (466, 167)
2026-05-09 16:49:50.556  [SÜRÜK]   Nokta #0 sürükleniyor  dK=2.3  eA=9.2px
2026-05-09 16:49:50.589  [KAYIP]   Nokta #0 kaybedildi
2026-05-09 16:49:50.591  [REDET]   Nokta #0 bulundu  [Histogram+MeanShift]  (467, 168)
2026-05-09 16:49:50.620  [KAYIP]   Nokta #1 kaybedildi
2026-05-09 16:49:50.622  [REDET]   Nokta #1 bulundu  [NCC Şablon Eşleme]  (514, 152)
2026-05-09 16:49:50.989  [SÜRÜK]   Nokta #0 sürükleniyor  dK=0.6  eA=9.2px
2026-05-09 16:49:51.022  [KAYIP]   Nokta #0 kaybedildi
2026-05-09 16:49:51.024  [REDET]   Nokta #0 bulundu  [Histogram+MeanShift]  (465, 181)
2026-05-09 16:49:51.054  [SÜRÜK]   Nokta #0 sürükleniyor  dK=0.3  eA=9.1px
2026-05-09 16:49:51.086  [KAYIP]   Nokta #0 kaybedildi
2026-05-09 16:49:51.088  [REDET]   Nokta #0 bulundu  [Histogram+MeanShift]  (465, 181)
2026-05-09 16:49:51.116  [SÜRÜK]   Nokta #0 sürükleniyor  dK=2.5  eA=9.0px
2026-05-09 16:49:51.149  [KAYIP]   Nokta #0 kaybedildi
2026-05-09 16:49:51.152  [REDET]   Nokta #0 bulundu  [Histogram+MeanShift]  (466, 182)
2026-05-09 16:49:51.264  [SÜRÜK]   Nokta #0 sürükleniyor  dK=3.2  eA=8.9px
2026-05-09 16:49:51.326  [KAYIP]   Nokta #0 kaybedildi
2026-05-09 16:49:51.330  [REDET]   Nokta #0 aranıyor...
2026-05-09 16:49:51.358  [REDET]   Nokta #0 aranıyor...
2026-05-09 16:49:51.390  [REDET]   Nokta #0 bulundu  [Histogram+MeanShift]  (467, 183)
2026-05-09 16:49:51.420  [KAYIP]   Nokta #0 kaybedildi
2026-05-09 16:49:51.422  [REDET]   Nokta #0 bulundu  [Histogram+MeanShift]  (467, 183)
2026-05-09 16:49:51.452  [KAYIP]   Nokta #0 kaybedildi
2026-05-09 16:49:51.454  [REDET]   Nokta #0 bulundu  [Histogram+MeanShift]  (467, 183)
2026-05-09 16:49:54.190  [KAYIP]   Nokta #0 kaybedildi
2026-05-09 16:49:54.192  [REDET]   Nokta #0 bulundu  [Histogram+MeanShift]  (328, 271)
2026-05-09 16:49:54.223  [SÜRÜK]   Nokta #0 sürükleniyor  dK=20.2  eA=9.1px
2026-05-09 16:49:54.254  [KAYIP]   Nokta #0 kaybedildi
2026-05-09 16:49:54.256  [REDET]   Nokta #0 bulundu  [Histogram+MeanShift]  (324, 280)
2026-05-09 16:49:54.286  [SÜRÜK]   Nokta #0 sürükleniyor  dK=8.8  eA=9.0px
2026-05-09 16:49:54.317  [KAYIP]   Nokta #0 kaybedildi
2026-05-09 16:49:54.319  [REDET]   Nokta #0 bulundu  [Histogram+MeanShift]  (321, 280)
2026-05-09 16:49:54.351  [SÜRÜK]   Nokta #0 sürükleniyor  dK=8.2  eA=9.0px
2026-05-09 16:49:54.383  [KAYIP]   Nokta #0 kaybedildi
2026-05-09 16:49:54.385  [REDET]   Nokta #0 bulundu  [Histogram+MeanShift]  (316, 283)
2026-05-09 16:49:54.402  [SÜRÜK]   Nokta #0 sürükleniyor  dK=0.0  eA=9.0px
2026-05-09 16:49:54.419  [KAYIP]   Nokta #0 kaybedildi
2026-05-09 16:49:54.420  [REDET]   Nokta #0 bulundu  [Histogram+MeanShift]  (314, 284)
2026-05-09 16:49:54.461  [SÜRÜK]   Nokta #0 sürükleniyor  dK=8.2  eA=9.0px
2026-05-09 16:49:54.525  [KAYIP]   Nokta #0 kaybedildi
2026-05-09 16:49:54.527  [REDET]   Nokta #0 bulundu  [Histogram+MeanShift]  (308, 288)
2026-05-09 16:49:54.558  [SÜRÜK]   Nokta #0 sürükleniyor  dK=4.8  eA=9.1px
2026-05-09 16:49:54.590  [KAYIP]   Nokta #0 kaybedildi
2026-05-09 16:49:54.591  [REDET]   Nokta #0 aranıyor...
2026-05-09 16:49:54.621  [REDET]   Nokta #0 bulundu  [Histogram+MeanShift]  (304, 289)
2026-05-09 16:49:54.654  [SÜRÜK]   Nokta #0 sürükleniyor  dK=5.7  eA=9.1px
2026-05-09 16:49:54.685  [KAYIP]   Nokta #0 kaybedildi
2026-05-09 16:49:54.688  [REDET]   Nokta #0 aranıyor...
2026-05-09 16:49:54.717  [REDET]   Nokta #0 bulundu  [Histogram+MeanShift]  (300, 291)
2026-05-09 16:49:54.750  [SÜRÜK]   Nokta #0 sürükleniyor  dK=6.2  eA=9.0px
2026-05-09 16:49:54.781  [KAYIP]   Nokta #0 kaybedildi
2026-05-09 16:49:54.784  [REDET]   Nokta #0 aranıyor...
2026-05-09 16:49:54.797  [REDET]   Nokta #0 aranıyor...
2026-05-09 16:49:54.813  [REDET]   Nokta #0 aranıyor...
2026-05-09 16:49:54.860  [REDET]   Nokta #0 bulundu  [Histogram+MeanShift]  (296, 294)
2026-05-09 16:49:54.925  [SÜRÜK]   Nokta #0 sürükleniyor  dK=14.5  eA=8.9px
2026-05-09 16:49:54.958  [KAYIP]   Nokta #0 kaybedildi
2026-05-09 16:49:54.959  [REDET]   Nokta #0 bulundu  [Histogram+MeanShift]  (289, 299)
2026-05-09 16:49:54.989  [SÜRÜK]   Nokta #0 sürükleniyor  dK=7.0  eA=8.7px
2026-05-09 16:49:55.022  [KAYIP]   Nokta #0 kaybedildi
2026-05-09 16:49:55.023  [REDET]   Nokta #0 bulundu  [Histogram+MeanShift]  (285, 302)
2026-05-09 16:49:55.053  [SÜRÜK]   Nokta #0 sürükleniyor  dK=5.0  eA=8.9px
2026-05-09 16:49:55.086  [KAYIP]   Nokta #0 kaybedildi
2026-05-09 16:49:55.087  [REDET]   Nokta #0 bulundu  [Histogram+MeanShift]  (282, 304)
2026-05-09 16:49:57.357  [SÜRÜK]   Nokta #0 sürükleniyor  dK=2.1  eA=8.7px
2026-05-09 16:49:57.390  [KAYIP]   Nokta #0 kaybedildi
2026-05-09 16:49:57.393  [REDET]   Nokta #0 aranıyor...
2026-05-09 16:49:57.423  [REDET]   Nokta #0 bulundu  [Histogram+MeanShift]  (280, 313)
2026-05-09 16:49:57.756  [SÜRÜK]   Nokta #0 sürükleniyor  dK=8.6  eA=10.4px
2026-05-09 16:49:57.787  [KAYIP]   Nokta #0 kaybedildi
2026-05-09 16:49:57.788  [REDET]   Nokta #0 bulundu  [Histogram+MeanShift]  (300, 312)
2026-05-09 16:49:57.906  [SİSTEM]  Oturum sona erdi  —  log: logs\tracker_20260509_164847.log
