2026-05-10 22:27:47.235  [SİSTEM]  Oturum başladı — 2026-05-10 22:27:47
2026-05-10 22:28:01.372  [SİSTEM]  Nokta #0 eklendi  (135, 163)
2026-05-10 22:28:02.132  [KAYIP]   Nokta #0 kaybedildi
2026-05-10 22:28:02.133  [REDET]   Nokta #0 aranıyor  [Kademe 1]  (kare 1)
2026-05-10 22:28:02.141  [REDET]   Nokta #0 bulundu [K1]  (126,158)  — onay bekleniyor (Y/N)
2026-05-10 22:28:03.651  [REDET]   Nokta #0 bulundu  [Histogram+MeanShift]  (189, 202)
2026-05-10 22:28:04.743  [SÜRÜK]   Nokta #0 sürükleniyor  dK=41.5  eA=0.0px
2026-05-10 22:28:04.773  [KAYIP]   Nokta #0 kaybedildi
2026-05-10 22:28:04.773  [REDET]   Nokta #0 aranıyor  [Kademe 1]  (kare 1)
2026-05-10 22:28:04.774  [REDET]   Nokta #0 bulundu [K1]  (152,150)  — onay bekleniyor (Y/N)
2026-05-10 22:28:05.381  [REDET]   Nokta #0 bulundu  [Histogram+MeanShift]  (99, 123)
2026-05-10 22:28:05.820  [KAYIP]   Nokta #0 kaybedildi
2026-05-10 22:28:05.820  [REDET]   Nokta #0 aranıyor  [Kademe 1]  (kare 1)
2026-05-10 22:28:06.027  [REDET]   Nokta #0 bulundu [K1]  (118,139)  — onay bekleniyor (Y/N)
2026-05-10 22:28:06.528  [REDET]   Nokta #0 bulundu  [Histogram+MeanShift]  (113, 137)
2026-05-10 22:28:07.437  [KAYIP]   Nokta #0 kaybedildi
2026-05-10 22:28:07.437  [REDET]   Nokta #0 aranıyor  [Kademe 1]  (kare 1)
2026-05-10 22:28:11.363  [REDET]   Nokta #0  K1 başarısız  → K2'e geçiliyor
2026-05-10 22:28:11.433  [REDET]   Nokta #0 aranıyor  [Kademe 2]  (kare 1)
2026-05-10 22:28:11.781  [REDET]   Nokta #0 bulundu [K2]  (132,152)  — onay bekleniyor (Y/N)
2026-05-10 22:28:13.440  [REDET]   Nokta #0 bulundu  [NCC Şablon Eşleme]  (138, 152)
2026-05-10 22:28:14.747  [KAYIP]   Nokta #0 kaybedildi
2026-05-10 22:28:14.748  [REDET]   Nokta #0 aranıyor  [Kademe 1]  (kare 1)
2026-05-10 22:28:14.748  [REDET]   Nokta #0 bulundu [K1]  (136,129)  — onay bekleniyor (Y/N)
2026-05-10 22:28:19.754  [REDET]   Nokta #0 bulundu  [Histogram+MeanShift]  (125, 176)
2026-05-10 22:28:19.754  [REDET]   Nokta #0 otomatik onaylandı (süre doldu)
2026-05-10 22:28:20.157  [KAYIP]   Nokta #0 kaybedildi
2026-05-10 22:28:20.157  [REDET]   Nokta #0 aranıyor  [Kademe 1]  (kare 1)
2026-05-10 22:28:20.158  [REDET]   Nokta #0 bulundu [K1]  (180,199)  — onay bekleniyor (Y/N)
2026-05-10 22:28:21.975  [REDET]   Nokta #0 bulundu  [Histogram+MeanShift]  (350, 241)
2026-05-10 22:28:22.157  [SÜRÜK]   Nokta #0 sürükleniyor  dK=5.8  eA=0.0px
2026-05-10 22:28:22.184  [KAYIP]   Nokta #0 kaybedildi
2026-05-10 22:28:22.184  [REDET]   Nokta #0 aranıyor  [Kademe 1]  (kare 1)
2026-05-10 22:28:22.184  [REDET]   Nokta #0 bulundu [K1]  (368,248)  — onay bekleniyor (Y/N)
2026-05-10 22:28:22.865  [REDET]   Nokta #0 bulundu  [Histogram+MeanShift]  (401, 261)
2026-05-10 22:28:23.094  [SÜRÜK]   Nokta #0 sürükleniyor  dK=4.7  eA=0.0px
2026-05-10 22:28:23.165  [KAYIP]   Nokta #0 kaybedildi
2026-05-10 22:28:23.165  [REDET]   Nokta #0 aranıyor  [Kademe 1]  (kare 1)
2026-05-10 22:28:23.166  [REDET]   Nokta #0 bulundu [K1]  (417,265)  — onay bekleniyor (Y/N)
2026-05-10 22:28:23.706  [REDET]   Nokta #0 bulundu  [Histogram+MeanShift]  (442, 273)
2026-05-10 22:28:24.157  [SÜRÜK]   Nokta #0 sürükleniyor  dK=27.3  eA=3.6px
2026-05-10 22:28:24.215  [KAYIP]   Nokta #0 kaybedildi
2026-05-10 22:28:24.215  [REDET]   Nokta #0 aranıyor  [Kademe 1]  (kare 1)
2026-05-10 22:28:24.216  [REDET]   Nokta #0 bulundu [K1]  (403,262)  — onay bekleniyor (Y/N)
2026-05-10 22:28:24.767  [REDET]   Nokta #0 bulundu  [Histogram+MeanShift]  (240, 179)
2026-05-10 22:28:25.356  [KAYIP]   Nokta #0 kaybedildi
2026-05-10 22:28:25.356  [REDET]   Nokta #0 aranıyor  [Kademe 1]  (kare 1)
2026-05-10 22:28:25.887  [REDET]   Nokta #0 bulundu [K1]  (317,138)  — onay bekleniyor (Y/N)
2026-05-10 22:28:28.593  [REDET]   Nokta #0 bulundu  [Histogram+MeanShift]  (150, 128)
2026-05-10 22:28:28.972  [KAYIP]   Nokta #0 kaybedildi
2026-05-10 22:28:28.972  [REDET]   Nokta #0 aranıyor  [Kademe 1]  (kare 1)
2026-05-10 22:28:28.972  [REDET]   Nokta #0 bulundu [K1]  (121,139)  — onay bekleniyor (Y/N)
2026-05-10 22:28:29.776  [REDET]   Nokta #0 bulundu  [Histogram+MeanShift]  (115, 147)
2026-05-10 22:28:30.077  [KAYIP]   Nokta #0 kaybedildi
2026-05-10 22:28:30.077  [REDET]   Nokta #0 aranıyor  [Kademe 1]  (kare 1)
2026-05-10 22:28:34.003  [REDET]   Nokta #0  K1 başarısız  → K2'e geçiliyor
2026-05-10 22:28:34.075  [REDET]   Nokta #0 aranıyor  [Kademe 2]  (kare 1)
2026-05-10 22:28:34.081  [REDET]   Nokta #0 bulundu [K2]  (130,144)  — onay bekleniyor (Y/N)
2026-05-10 22:28:35.089  [REDET]   Nokta #0 bulundu  [NCC Şablon Eşleme]  (134, 146)
2026-05-10 22:28:38.501  [KAYIP]   Nokta #0 kaybedildi
2026-05-10 22:28:38.501  [REDET]   Nokta #0 aranıyor  [Kademe 1]  (kare 1)
2026-05-10 22:28:38.502  [REDET]   Nokta #0 bulundu [K1]  (224,170)  — onay bekleniyor (Y/N)
2026-05-10 22:28:40.125  [REDET]   Nokta #0 bulundu  [Histogram+MeanShift]  (314, 172)
2026-05-10 22:28:41.084  [KAYIP]   Nokta #0 kaybedildi
2026-05-10 22:28:41.084  [REDET]   Nokta #0 aranıyor  [Kademe 1]  (kare 1)
2026-05-10 22:28:41.085  [REDET]   Nokta #0 bulundu [K1]  (376,183)  — onay bekleniyor (Y/N)
2026-05-10 22:28:42.592  [REDET]   Nokta #0 bulundu  [Histogram+MeanShift]  (527, 189)
2026-05-10 22:28:42.684  [KAYIP]   Nokta #0 kaybedildi
2026-05-10 22:28:42.684  [REDET]   Nokta #0 aranıyor  [Kademe 1]  (kare 1)
2026-05-10 22:28:42.685  [REDET]   Nokta #0 bulundu [K1]  (527,189)  — onay bekleniyor (Y/N)
2026-05-10 22:28:43.917  [REDET]   Nokta #0 bulundu  [Histogram+MeanShift]  (548, 249)
2026-05-10 22:28:44.301  [SÜRÜK]   Nokta #0 sürükleniyor  dK=5.1  eA=3.6px
2026-05-10 22:28:44.397  [KAYIP]   Nokta #0 kaybedildi
2026-05-10 22:28:44.397  [REDET]   Nokta #0 aranıyor  [Kademe 1]  (kare 1)
2026-05-10 22:28:48.322  [REDET]   Nokta #0  K1 başarısız  → K2'e geçiliyor
2026-05-10 22:28:48.393  [REDET]   Nokta #0 aranıyor  [Kademe 2]  (kare 1)
2026-05-10 22:28:48.397  [REDET]   Nokta #0 bulundu [K2]  (362,26)  — onay bekleniyor (Y/N)
2026-05-10 22:28:51.720  [UYARI]   Nokta #0 K2 reddedildi  → K3'den devam
2026-05-10 22:28:51.725  [REDET]   Nokta #0 aranıyor  [Kademe 3]  (kare 1)
2026-05-10 22:28:56.017  [SİSTEM]  Tüm noktalar silindi
2026-05-10 22:29:01.535  [SİSTEM]  Nokta #0 eklendi  (195, 259)
2026-05-10 22:29:01.629  [SÜRÜK]   Nokta #0 sürükleniyor  dK=2.8  eA=0.0px
2026-05-10 22:29:01.725  [KAYIP]   Nokta #0 kaybedildi
2026-05-10 22:29:01.726  [REDET]   Nokta #0 aranıyor  [Kademe 1]  (kare 1)
2026-05-10 22:29:01.726  [REDET]   Nokta #0 bulundu [K1]  (195,258)  — onay bekleniyor (Y/N)
2026-05-10 22:29:03.136  [REDET]   Nokta #0 bulundu  [Histogram+MeanShift]  (194, 258)
2026-05-10 22:29:03.437  [SÜRÜK]   Nokta #0 sürükleniyor  dK=1.8  eA=1.4px
2026-05-10 22:29:03.535  [KAYIP]   Nokta #0 kaybedildi
2026-05-10 22:29:03.535  [REDET]   Nokta #0 aranıyor  [Kademe 1]  (kare 1)
2026-05-10 22:29:03.536  [REDET]   Nokta #0 bulundu [K1]  (200,259)  — onay bekleniyor (Y/N)
2026-05-10 22:29:04.074  [REDET]   Nokta #0 bulundu  [Histogram+MeanShift]  (242, 256)
2026-05-10 22:29:04.246  [KAYIP]   Nokta #0 kaybedildi
2026-05-10 22:29:04.246  [REDET]   Nokta #0 aranıyor  [Kademe 1]  (kare 1)
2026-05-10 22:29:08.179  [REDET]   Nokta #0  K1 başarısız  → K2'e geçiliyor
2026-05-10 22:29:08.233  [REDET]   Nokta #0 aranıyor  [Kademe 2]  (kare 1)
2026-05-10 22:29:12.164  [REDET]   Nokta #0  K2 başarısız  → K3'e geçiliyor
2026-05-10 22:29:12.234  [REDET]   Nokta #0 aranıyor  [Kademe 3]  (kare 1)
2026-05-10 22:29:18.174  [UYARI]   Nokta #0 kaldırıldı  (tüm kademeler başarısız, 420 kare)
2026-05-10 22:29:34.326  [SİSTEM]  Nokta #0 eklendi  (195, 259)
2026-05-10 22:29:34.598  [SÜRÜK]   Nokta #0 sürükleniyor  dK=3.7  eA=0.0px
2026-05-10 22:29:34.782  [KAYIP]   Nokta #0 kaybedildi
2026-05-10 22:29:34.782  [REDET]   Nokta #0 aranıyor  [Kademe 1]  (kare 1)
2026-05-10 22:29:34.783  [REDET]   Nokta #0 bulundu [K1]  (198,262)  — onay bekleniyor (Y/N)
2026-05-10 22:29:37.791  [REDET]   Nokta #0 bulundu  [Histogram+MeanShift]  (182, 225)
2026-05-10 22:29:38.022  [SÜRÜK]   Nokta #0 sürükleniyor  dK=4.5  eA=0.8px
2026-05-10 22:29:38.104  [KAYIP]   Nokta #0 kaybedildi
2026-05-10 22:29:38.104  [REDET]   Nokta #0 aranıyor  [Kademe 1]  (kare 1)
2026-05-10 22:29:38.106  [REDET]   Nokta #0 bulundu [K1]  (168,228)  — onay bekleniyor (Y/N)
2026-05-10 22:29:38.832  [REDET]   Nokta #0 bulundu  [Histogram+MeanShift]  (186, 234)
2026-05-10 22:29:39.086  [SÜRÜK]   Nokta #0 sürükleniyor  dK=3.7  eA=1.9px
2026-05-10 22:29:39.198  [KAYIP]   Nokta #0 kaybedildi
2026-05-10 22:29:39.198  [REDET]   Nokta #0 aranıyor  [Kademe 1]  (kare 1)
2026-05-10 22:29:39.198  [REDET]   Nokta #0 bulundu [K1]  (197,237)  — onay bekleniyor (Y/N)
2026-05-10 22:29:40.191  [REDET]   Nokta #0 bulundu  [Histogram+MeanShift]  (164, 245)
2026-05-10 22:29:40.440  [SÜRÜK]   Nokta #0 sürükleniyor  dK=1.4  eA=1.5px
2026-05-10 22:29:40.493  [KAYIP]   Nokta #0 kaybedildi
2026-05-10 22:29:40.493  [REDET]   Nokta #0 aranıyor  [Kademe 1]  (kare 1)
2026-05-10 22:29:40.494  [REDET]   Nokta #0 bulundu [K1]  (160,245)  — onay bekleniyor (Y/N)
2026-05-10 22:29:41.009  [REDET]   Nokta #0 bulundu  [Histogram+MeanShift]  (162, 248)
2026-05-10 22:29:41.293  [SÜRÜK]   Nokta #0 sürükleniyor  dK=1.1  eA=2.1px
2026-05-10 22:29:41.996  [KAYIP]   Nokta #0 kaybedildi
2026-05-10 22:29:41.996  [REDET]   Nokta #0 aranıyor  [Kademe 1]  (kare 1)
2026-05-10 22:29:41.997  [REDET]   Nokta #0 bulundu [K1]  (157,255)  — onay bekleniyor (Y/N)
2026-05-10 22:29:42.495  [REDET]   Nokta #0 bulundu  [Histogram+MeanShift]  (166, 278)
2026-05-10 22:29:42.800  [SÜRÜK]   Nokta #0 sürükleniyor  dK=1.0  eA=7.4px
2026-05-10 22:29:42.815  [KAYIP]   Nokta #0 kaybedildi
2026-05-10 22:29:42.815  [REDET]   Nokta #0 aranıyor  [Kademe 1]  (kare 1)
2026-05-10 22:29:42.816  [REDET]   Nokta #0 bulundu [K1]  (171,282)  — onay bekleniyor (Y/N)
2026-05-10 22:29:43.325  [REDET]   Nokta #0 bulundu  [Histogram+MeanShift]  (169, 286)
2026-05-10 22:29:43.693  [SÜRÜK]   Nokta #0 sürükleniyor  dK=2.6  eA=7.4px
2026-05-10 22:29:43.719  [KAYIP]   Nokta #0 kaybedildi
2026-05-10 22:29:43.719  [REDET]   Nokta #0 aranıyor  [Kademe 1]  (kare 1)
2026-05-10 22:29:43.719  [REDET]   Nokta #0 bulundu [K1]  (169,295)  — onay bekleniyor (Y/N)
2026-05-10 22:29:44.138  [REDET]   Nokta #0 bulundu  [Histogram+MeanShift]  (169, 294)
2026-05-10 22:29:44.429  [SÜRÜK]   Nokta #0 sürükleniyor  dK=1.8  eA=7.4px
2026-05-10 22:29:44.443  [KAYIP]   Nokta #0 kaybedildi
2026-05-10 22:29:44.443  [REDET]   Nokta #0 aranıyor  [Kademe 1]  (kare 1)
2026-05-10 22:29:44.443  [REDET]   Nokta #0 bulundu [K1]  (166,296)  — onay bekleniyor (Y/N)
2026-05-10 22:29:45.006  [REDET]   Nokta #0 bulundu  [Histogram+MeanShift]  (165, 281)
2026-05-10 22:29:45.249  [SÜRÜK]   Nokta #0 sürükleniyor  dK=3.1  eA=7.4px
2026-05-10 22:29:45.310  [KAYIP]   Nokta #0 kaybedildi
2026-05-10 22:29:45.310  [REDET]   Nokta #0 aranıyor  [Kademe 1]  (kare 1)
2026-05-10 22:29:45.311  [REDET]   Nokta #0 bulundu [K1]  (163,270)  — onay bekleniyor (Y/N)
2026-05-10 22:29:45.739  [REDET]   Nokta #0 bulundu  [Histogram+MeanShift]  (155, 258)
2026-05-10 22:29:50.108  [SÜRÜK]   Nokta #0 sürükleniyor  dK=8.5  eA=6.4px
2026-05-10 22:29:50.132  [KAYIP]   Nokta #0 kaybedildi
2026-05-10 22:29:50.132  [REDET]   Nokta #0 aranıyor  [Kademe 1]  (kare 1)
2026-05-10 22:29:50.133  [REDET]   Nokta #0 bulundu [K1]  (202,217)  — onay bekleniyor (Y/N)
2026-05-10 22:29:50.608  [REDET]   Nokta #0 bulundu  [Histogram+MeanShift]  (159, 208)
2026-05-10 22:29:51.004  [KAYIP]   Nokta #0 kaybedildi
2026-05-10 22:29:51.004  [REDET]   Nokta #0 aranıyor  [Kademe 1]  (kare 1)
2026-05-10 22:29:51.005  [REDET]   Nokta #0 bulundu [K1]  (136,226)  — onay bekleniyor (Y/N)
2026-05-10 22:29:51.520  [REDET]   Nokta #0 bulundu  [Histogram+MeanShift]  (156, 280)
2026-05-10 22:29:51.820  [SÜRÜK]   Nokta #0 sürükleniyor  dK=6.5  eA=6.4px
2026-05-10 22:29:51.838  [KAYIP]   Nokta #0 kaybedildi
2026-05-10 22:29:51.838  [REDET]   Nokta #0 aranıyor  [Kademe 1]  (kare 1)
2026-05-10 22:29:51.839  [REDET]   Nokta #0 bulundu [K1]  (176,290)  — onay bekleniyor (Y/N)
2026-05-10 22:29:52.416  [REDET]   Nokta #0 bulundu  [Histogram+MeanShift]  (187, 293)
2026-05-10 22:29:52.823  [SÜRÜK]   Nokta #0 sürükleniyor  dK=4.5  eA=6.4px
2026-05-10 22:29:52.843  [KAYIP]   Nokta #0 kaybedildi
2026-05-10 22:29:52.843  [REDET]   Nokta #0 aranıyor  [Kademe 1]  (kare 1)
2026-05-10 22:29:52.843  [REDET]   Nokta #0 bulundu [K1]  (184,296)  — onay bekleniyor (Y/N)
2026-05-10 22:29:53.424  [REDET]   Nokta #0 bulundu  [Histogram+MeanShift]  (174, 302)
2026-05-10 22:29:53.927  [SÜRÜK]   Nokta #0 sürükleniyor  dK=3.5  eA=6.4px
2026-05-10 22:29:53.948  [KAYIP]   Nokta #0 kaybedildi
2026-05-10 22:29:53.948  [REDET]   Nokta #0 aranıyor  [Kademe 1]  (kare 1)
2026-05-10 22:29:54.011  [REDET]   Nokta #0 bulundu [K1]  (171,302)  — onay bekleniyor (Y/N)
2026-05-10 22:29:54.528  [REDET]   Nokta #0 bulundu  [Histogram+MeanShift]  (172, 300)
2026-05-10 22:29:54.742  [SÜRÜK]   Nokta #0 sürükleniyor  dK=1.8  eA=6.4px
2026-05-10 22:29:54.814  [KAYIP]   Nokta #0 kaybedildi
2026-05-10 22:29:54.814  [REDET]   Nokta #0 aranıyor  [Kademe 1]  (kare 1)
2026-05-10 22:29:54.815  [REDET]   Nokta #0 bulundu [K1]  (170,299)  — onay bekleniyor (Y/N)
2026-05-10 22:29:56.928  [REDET]   Nokta #0 bulundu  [Histogram+MeanShift]  (157, 243)
2026-05-10 22:29:58.428  [SÜRÜK]   Nokta #0 sürükleniyor  dK=4.6  eA=7.0px
2026-05-10 22:29:58.452  [KAYIP]   Nokta #0 kaybedildi
2026-05-10 22:29:58.452  [REDET]   Nokta #0 aranıyor  [Kademe 1]  (kare 1)
2026-05-10 22:29:58.453  [REDET]   Nokta #0 bulundu [K1]  (118,203)  — onay bekleniyor (Y/N)
2026-05-10 22:29:59.536  [REDET]   Nokta #0 bulundu  [Histogram+MeanShift]  (194, 258)
2026-05-10 22:29:59.629  [SÜRÜK]   Nokta #0 sürükleniyor  dK=5.2  eA=7.0px
2026-05-10 22:29:59.645  [KAYIP]   Nokta #0 kaybedildi
2026-05-10 22:29:59.645  [REDET]   Nokta #0 aranıyor  [Kademe 1]  (kare 1)
2026-05-10 22:29:59.645  [REDET]   Nokta #0 bulundu [K1]  (193,256)  — onay bekleniyor (Y/N)
2026-05-10 22:30:00.129  [REDET]   Nokta #0 bulundu  [Histogram+MeanShift]  (190, 251)
2026-05-10 22:30:00.221  [SÜRÜK]   Nokta #0 sürükleniyor  dK=3.8  eA=7.0px
2026-05-10 22:30:00.235  [KAYIP]   Nokta #0 kaybedildi
2026-05-10 22:30:00.236  [REDET]   Nokta #0 aranıyor  [Kademe 1]  (kare 1)
2026-05-10 22:30:00.236  [REDET]   Nokta #0 bulundu [K1]  (192,250)  — onay bekleniyor (Y/N)
2026-05-10 22:30:00.746  [REDET]   Nokta #0 bulundu  [Histogram+MeanShift]  (192, 256)
2026-05-10 22:30:00.970  [SÜRÜK]   Nokta #0 sürükleniyor  dK=0.6  eA=7.0px
2026-05-10 22:30:01.039  [KAYIP]   Nokta #0 kaybedildi
2026-05-10 22:30:01.039  [REDET]   Nokta #0 aranıyor  [Kademe 1]  (kare 1)
2026-05-10 22:30:01.039  [REDET]   Nokta #0 bulundu [K1]  (192,256)  — onay bekleniyor (Y/N)
2026-05-10 22:30:01.649  [REDET]   Nokta #0 bulundu  [Histogram+MeanShift]  (194, 257)
2026-05-10 22:30:01.835  [KAYIP]   Nokta #0 kaybedildi
2026-05-10 22:30:01.835  [REDET]   Nokta #0 aranıyor  [Kademe 1]  (kare 1)
2026-05-10 22:30:01.835  [REDET]   Nokta #0 bulundu [K1]  (195,255)  — onay bekleniyor (Y/N)
2026-05-10 22:30:02.640  [REDET]   Nokta #0 bulundu  [Histogram+MeanShift]  (197, 223)
2026-05-10 22:30:02.926  [SÜRÜK]   Nokta #0 sürükleniyor  dK=2.0  eA=7.2px
2026-05-10 22:30:02.946  [KAYIP]   Nokta #0 kaybedildi
2026-05-10 22:30:02.947  [REDET]   Nokta #0 aranıyor  [Kademe 1]  (kare 1)
2026-05-10 22:30:02.947  [REDET]   Nokta #0 bulundu [K1]  (196,216)  — onay bekleniyor (Y/N)
2026-05-10 22:30:03.395  [REDET]   Nokta #0 bulundu  [Histogram+MeanShift]  (195, 207)
2026-05-10 22:30:04.636  [SÜRÜK]   Nokta #0 sürükleniyor  dK=10.2  eA=7.2px
2026-05-10 22:30:04.669  [KAYIP]   Nokta #0 kaybedildi
2026-05-10 22:30:04.669  [REDET]   Nokta #0 aranıyor  [Kademe 1]  (kare 1)
2026-05-10 22:30:04.670  [REDET]   Nokta #0 bulundu [K1]  (195,195)  — onay bekleniyor (Y/N)
2026-05-10 22:30:06.463  [REDET]   Nokta #0 bulundu  [Histogram+MeanShift]  (221, 273)
2026-05-10 22:30:06.743  [SÜRÜK]   Nokta #0 sürükleniyor  dK=0.7  eA=7.2px
2026-05-10 22:30:06.762  [KAYIP]   Nokta #0 kaybedildi
2026-05-10 22:30:06.762  [REDET]   Nokta #0 aranıyor  [Kademe 1]  (kare 1)
2026-05-10 22:30:06.762  [REDET]   Nokta #0 bulundu [K1]  (219,269)  — onay bekleniyor (Y/N)
2026-05-10 22:30:07.662  [REDET]   Nokta #0 bulundu  [Histogram+MeanShift]  (221, 261)
2026-05-10 22:30:07.739  [KAYIP]   Nokta #0 kaybedildi
2026-05-10 22:30:07.739  [REDET]   Nokta #0 aranıyor  [Kademe 1]  (kare 1)
2026-05-10 22:30:07.740  [REDET]   Nokta #0 bulundu [K1]  (221,261)  — onay bekleniyor (Y/N)
2026-05-10 22:30:09.075  [REDET]   Nokta #0 bulundu  [Histogram+MeanShift]  (225, 267)
2026-05-10 22:30:09.156  [KAYIP]   Nokta #0 kaybedildi
2026-05-10 22:30:09.156  [REDET]   Nokta #0 aranıyor  [Kademe 1]  (kare 1)
2026-05-10 22:30:09.157  [REDET]   Nokta #0 bulundu [K1]  (225,267)  — onay bekleniyor (Y/N)
2026-05-10 22:30:12.476  [REDET]   Nokta #0 bulundu  [Histogram+MeanShift]  (236, 263)
2026-05-10 22:30:20.674  [KAYIP]   Nokta #0 kaybedildi
2026-05-10 22:30:20.675  [REDET]   Nokta #0 aranıyor  [Kademe 1]  (kare 1)
2026-05-10 22:30:20.675  [REDET]   Nokta #0 bulundu [K1]  (237,263)  — onay bekleniyor (Y/N)
2026-05-10 22:30:20.878  [UYARI]   Nokta #0 K1 reddedildi  → K2'den devam
2026-05-10 22:30:20.880  [REDET]   Nokta #0 aranıyor  [Kademe 2]  (kare 1)
2026-05-10 22:30:20.881  [REDET]   Nokta #0 bulundu [K2]  (189,282)  — onay bekleniyor (Y/N)
2026-05-10 22:30:22.004  [UYARI]   Nokta #0 K2 reddedildi  → K3'den devam
2026-05-10 22:30:22.008  [REDET]   Nokta #0 aranıyor  [Kademe 3]  (kare 1)
2026-05-10 22:30:23.870  [SİSTEM]  Tüm noktalar silindi
2026-05-10 22:30:35.390  [SİSTEM]  Nokta #0 eklendi  (195, 259)
2026-05-10 22:30:36.692  [KAYIP]   Nokta #0 kaybedildi
2026-05-10 22:30:36.692  [REDET]   Nokta #0 aranıyor  [Kademe 1]  (kare 1)
2026-05-10 22:30:36.694  [REDET]   Nokta #0 bulundu [K1]  (180,255)  — onay bekleniyor (Y/N)
2026-05-10 22:30:41.711  [REDET]   Nokta #0 bulundu  [Histogram+MeanShift]  (193, 252)
2026-05-10 22:30:41.711  [REDET]   Nokta #0 otomatik onaylandı (süre doldu)
2026-05-10 22:30:42.513  [KAYIP]   Nokta #0 kaybedildi
2026-05-10 22:30:42.513  [REDET]   Nokta #0 aranıyor  [Kademe 1]  (kare 1)
2026-05-10 22:30:42.514  [REDET]   Nokta #0 bulundu [K1]  (223,258)  — onay bekleniyor (Y/N)
2026-05-10 22:30:47.521  [REDET]   Nokta #0 bulundu  [Histogram+MeanShift]  (222, 247)
2026-05-10 22:30:47.521  [REDET]   Nokta #0 otomatik onaylandı (süre doldu)
2026-05-10 22:30:47.750  [SÜRÜK]   Nokta #0 sürükleniyor  dK=1.7  eA=0.0px
2026-05-10 22:30:47.806  [KAYIP]   Nokta #0 kaybedildi
2026-05-10 22:30:47.806  [REDET]   Nokta #0 aranıyor  [Kademe 1]  (kare 1)
2026-05-10 22:30:47.807  [REDET]   Nokta #0 bulundu [K1]  (225,250)  — onay bekleniyor (Y/N)
2026-05-10 22:30:52.811  [REDET]   Nokta #0 bulundu  [Histogram+MeanShift]  (215, 198)
2026-05-10 22:30:52.811  [REDET]   Nokta #0 otomatik onaylandı (süre doldu)
2026-05-10 22:30:54.426  [KAYIP]   Nokta #0 kaybedildi
2026-05-10 22:30:54.426  [REDET]   Nokta #0 aranıyor  [Kademe 1]  (kare 1)
2026-05-10 22:30:54.427  [REDET]   Nokta #0 bulundu [K1]  (258,208)  — onay bekleniyor (Y/N)
2026-05-10 22:30:55.631  [SİSTEM]  Tüm noktalar silindi
2026-05-10 22:32:08.558  [SİSTEM]  Oturum sona erdi  —  log: logs\tracker_20260510_222747.log
